accept4(3, {sa_family=AF_INET, sin_port=htons(55102), sin_addr=inet_addr("127.0.0.1")}, [16], SOCK_CLOEXEC) = 11
getsockname(11, {sa_family=AF_INET, sin_port=htons(80), sin_addr=inet_addr("127.0.0.1")}, [16]) = 0
fcntl(11, F_GETFL)                      = 0x2 (flags O_RDWR)
fcntl(11, F_SETFL, O_RDWR|O_NONBLOCK)   = 0
read(11, "GET / HTTP/1.1\r\nUser-Agent: curl"..., 8000) = 73
stat("/var/www/html/", {st_mode=S_IFDIR|0755, st_size=42, ...}) = 0
stat("/var/www/html/index.html", {st_mode=S_IFREG|0644, st_size=0, ...}) = 0
open("/var/www/html/index.html", O_RDONLY|O_CLOEXEC) = 12
lseek(12, 0, SEEK_SET)                  = 0
read(11, 0x7f75d727f048, 8000)          = -1 EAGAIN (Resource temporarily unavailable)
writev(11, [{"HTTP/1.1 200 OK\r\nDate: Sun, 13 A"..., 224}, {"", 0}], 2) = 224
write(7, "127.0.0.1 - - [13/Aug/2023:22:36"..., 86) = 86
times({tms_utime=7, tms_stime=2, tms_cutime=0, tms_cstime=0}) = 6455656392
close(12)                               = 0
poll([{fd=11, events=POLLIN}], 1, 5000) = 1 ([{fd=11, revents=POLLIN}])
read(11, "", 8000)                      = 0
shutdown(11, SHUT_WR)                   = 0
poll([{fd=11, events=POLLIN}], 1, 2000) = 1 ([{fd=11, revents=POLLIN|POLLHUP}])
read(11, "", 512)                       = 0
close(11)                               = 0
read(4, 0x7ffcab56ec47, 1)              = -1 EAGAIN (Resource temporarily unavailable)
accept4(3,  <detached ...>
